<?xml version="1.0" encoding="UTF-8"?>
<!-- Generated by org.testng.reporters.JUnitReportReporter -->
<testsuite skipped="0" hostname="W1651474" name="SelCourse.E2EProject.validateNavigation" tests="1" failures="0" timestamp="2021-05-08T17:18:12 IST" time="100.329" errors="0">
  <testcase name="validateNavigator" time="100.329" classname="SelCourse.E2EProject.validateNavigation"/>
  <system-out/>
</testsuite> <!-- SelCourse.E2EProject.validateNavigation -->
