<?xml version="1.0" encoding="UTF-8"?>
<!-- Generated by org.testng.reporters.JUnitReportReporter -->
<testsuite skipped="0" hostname="W1651474" name="SelCourse.E2EProject.HomePage" tests="2" failures="0" timestamp="2021-05-08T17:28:40 IST" time="105.868" errors="0">
  <testcase name="basePageNavigation" time="35.021" classname="SelCourse.E2EProject.HomePage"/>
  <system-out/>
  <testcase name="basePageNavigation" time="70.847" classname="SelCourse.E2EProject.HomePage"/>
  <system-out/>
</testsuite> <!-- SelCourse.E2EProject.HomePage -->
