<?xml version="1.0" encoding="UTF-8"?>
<!-- Generated by org.testng.reporters.JUnitReportReporter -->
<testsuite skipped="0" hostname="W1651474" name="testrunner.testrunner" tests="2" failures="0" timestamp="2021-05-15T16:47:32 IST" time="88.080" errors="0">
  <testcase name="runScenario" time="25.970" classname="testrunner.testrunner"/>
  <system-out/>
  <testcase name="runScenario" time="62.110" classname="testrunner.testrunner"/>
  <system-out/>
</testsuite> <!-- testrunner.testrunner -->
