<?xml version="1.0" encoding="UTF-8"?>
<!-- Generated by org.testng.reporters.JUnitReportReporter -->
<testsuite skipped="0" hostname="W1651474" name="SelCourse.E2EProject.validateTitle" tests="1" failures="0" timestamp="2021-05-09T16:50:03 IST" time="30.353" errors="0">
  <testcase name="validationOfTitle" time="30.353" classname="SelCourse.E2EProject.validateTitle"/>
  <system-out/>
</testsuite> <!-- SelCourse.E2EProject.validateTitle -->
