<?xml version="1.0" encoding="UTF-8"?>
<!-- Generated by org.testng.reporters.JUnitReportReporter -->
<testsuite skipped="0" hostname="W1651474" name="SelCourse.E2EProject.HomePage" tests="2" failures="0" timestamp="2021-05-09T16:50:03 IST" time="50.365" errors="0">
  <testcase name="basePageNavigation" time="25.780" classname="SelCourse.E2EProject.HomePage"/>
  <system-out/>
  <testcase name="basePageNavigation" time="24.585" classname="SelCourse.E2EProject.HomePage"/>
  <system-out/>
</testsuite> <!-- SelCourse.E2EProject.HomePage -->
