<?xml version="1.0" encoding="UTF-8"?>
<!-- Generated by org.testng.reporters.JUnitReportReporter -->
<testsuite skipped="0" hostname="W1651474" name="testrunner.testrunner" tests="2" failures="0" timestamp="2021-05-15T16:51:12 IST" time="54.839" errors="0">
  <testcase name="runScenario" time="26.945" classname="testrunner.testrunner"/>
  <system-out/>
  <testcase name="runScenario" time="27.894" classname="testrunner.testrunner"/>
  <system-out/>
</testsuite> <!-- testrunner.testrunner -->
